<?xml version="1.0" encoding="UTF-8"?>
<!-- Generated by org.testng.reporters.JUnitReportReporter -->
<testsuite skipped="0" hostname="DESKTOP-2CFVET8" name="com.movie.demo.runner.TestRunner" tests="1" failures="0" timestamp="17 May 2022 13:22:12 GMT" time="319.291" errors="0">
  <testcase name="feature" time="319.291" classname="com.movie.demo.runner.TestRunner"/>
</testsuite> <!-- com.movie.demo.runner.TestRunner -->
